<?xml version="1.0" encoding="UTF-8"?>
<!-- Generated by org.testng.reporters.JUnitXMLReporter -->
<testsuite ignored="1" hostname="DESKTOP-UM2MPT8" failures="0" tests="8" name="POMMyProjectsPageTest2" time="15.626" errors="0" timestamp="2023-09-20T19:49:18 IST">
  <testcase classname="TestScenarios.FoodsPageTest" name="TestFoodsPage" time="0.22"/>
  <testcase classname="TestScenarios.DiwaliPageTest" name="TestDiwaliPageUI" time="0.63"/>
  <testcase classname="TestScenarios.FoodsPageTest" name="TestBackButton" time="0.217"/>
  <testcase classname="TestScenarios.DiwaliPageTest" name="TestBackButton" time="0.304"/>
  <testcase classname="TestScenarios.HomePageTest" name="TestHomePageUI" time="0.546"/>
  <testcase classname="TestScenarios.NewsPageTest" name="TestNewsPageUI" time="0.51"/>
  <testcase classname="TestScenarios.TechnologyPageTest" name="TestTechnologyPage" time="0.187"/>
  <testcase classname="TestScenarios.TechnologyPageTest" name="TestBackButton" time="0.202"/>
  <testcase classname="TestScenarios.NewsPageTest" name="TestBackButton" time="0.0">
    <ignored/>
  </testcase> <!-- TestBackButton -->
</testsuite> <!-- POMMyProjectsPageTest2 -->
